<?xml version="1.0" encoding="UTF-8"?>
<Site BuildName="(empty)"
	BuildStamp="20250301-1907-Experimental"
	Name="(empty)"
	Generator="ctest-3.28.3"
	CompilerName=""
	CompilerVersion=""
	OSName="Linux"
	Hostname="DESKTOP-99H2O4Q"
	OSRelease="5.15.167.4-microsoft-standard-WSL2"
	OSVersion="#1 SMP Tue Nov 5 00:21:55 UTC 2024"
	OSPlatform="x86_64"
	Is64Bits="1"
	VendorString="GenuineIntel"
	VendorID="Intel Corporation"
	FamilyID="6"
	ModelID="158"
	ProcessorCacheSize="12288"
	NumberOfLogicalCPU="12"
	NumberOfPhysicalCPU="6"
	TotalVirtualMemory="4096"
	TotalPhysicalMemory="15959"
	LogicalProcessorsPerPhysical="2"
	ProcessorClockFrequency="3696"
	>
	<Testing>
		<StartDateTime>Mar 01 13:07 CST</StartDateTime>
		<StartTestTime>1740856060</StartTestTime>
		<TestList/>
		<EndDateTime>Mar 01 13:07 CST</EndDateTime>
		<EndTestTime>1740856060</EndTestTime>
		<ElapsedMinutes>0</ElapsedMinutes>
	</Testing>
</Site>
